[debug] [2021-08-03T05:25:50.568Z] ----------------------------------------------------------------------
[debug] [2021-08-03T05:25:50.572Z] Command:       C:\Program Files\nodejs\node.exe C:\Users\krish\AppData\Roaming\npm\node_modules\firebase-tools\lib\bin\firebase.js deploy
[debug] [2021-08-03T05:25:50.573Z] CLI Version:   9.16.0
[debug] [2021-08-03T05:25:50.573Z] Platform:      win32
[debug] [2021-08-03T05:25:50.573Z] Node Version:  v14.15.0
[debug] [2021-08-03T05:25:50.577Z] Time:          Tue Aug 03 2021 10:55:50 GMT+0530 (India Standard Time)
[debug] [2021-08-03T05:25:50.577Z] ----------------------------------------------------------------------
[debug] 
[debug] [2021-08-03T05:25:50.681Z] > command requires scopes: ["email","openid","https://www.googleapis.com/auth/cloudplatformprojects.readonly","https://www.googleapis.com/auth/firebase","https://www.googleapis.com/auth/cloud-platform"]
[debug] [2021-08-03T05:25:50.682Z] > authorizing via signed-in user (kaykrishna555@gmail.com)
[debug] [2021-08-03T05:25:50.682Z] [iam] checking project webbasket for permissions ["firebase.projects.get","firebasehosting.sites.update"]
[debug] [2021-08-03T05:25:50.686Z] > refreshing access token with scopes: ["email","https://www.googleapis.com/auth/cloud-platform","https://www.googleapis.com/auth/cloudplatformprojects.readonly","https://www.googleapis.com/auth/firebase","openid"]
[debug] [2021-08-03T05:25:50.687Z] >>> HTTP REQUEST POST https://www.googleapis.com/oauth2/v3/token  
 <request body omitted>
[debug] [2021-08-03T05:25:51.849Z] <<< HTTP RESPONSE 200 {"expires":"Mon, 01 Jan 1990 00:00:00 GMT","date":"Tue, 03 Aug 2021 05:25:52 GMT","cache-control":"no-cache, no-store, max-age=0, must-revalidate","pragma":"no-cache","content-type":"application/json; charset=utf-8","vary":"X-Origin, Referer, Origin,Accept-Encoding","server":"scaffolding on HTTPServer2","x-xss-protection":"0","x-frame-options":"SAMEORIGIN","x-content-type-options":"nosniff","alt-svc":"h3=\":443\"; ma=2592000,h3-29=\":443\"; ma=2592000,h3-T051=\":443\"; ma=2592000,h3-Q050=\":443\"; ma=2592000,h3-Q046=\":443\"; ma=2592000,h3-Q043=\":443\"; ma=2592000,quic=\":443\"; ma=2592000; v=\"46,43\"","accept-ranges":"none","transfer-encoding":"chunked"}
[debug] [2021-08-03T05:25:51.872Z] >>> HTTP REQUEST POST https://cloudresourcemanager.googleapis.com/v1/projects/webbasket:testIamPermissions  
 {"permissions":["firebase.projects.get","firebasehosting.sites.update"]}
[debug] [2021-08-03T05:25:54.280Z] <<< HTTP RESPONSE 200 {"content-type":"application/json; charset=UTF-8","vary":"X-Origin, Referer, Origin,Accept-Encoding","date":"Tue, 03 Aug 2021 05:25:55 GMT","server":"ESF","cache-control":"private","x-xss-protection":"0","x-frame-options":"SAMEORIGIN","x-content-type-options":"nosniff","server-timing":"gfet4t7; dur=1380","alt-svc":"h3=\":443\"; ma=2592000,h3-29=\":443\"; ma=2592000,h3-T051=\":443\"; ma=2592000,h3-Q050=\":443\"; ma=2592000,h3-Q046=\":443\"; ma=2592000,h3-Q043=\":443\"; ma=2592000,quic=\":443\"; ma=2592000; v=\"46,43\"","accept-ranges":"none","transfer-encoding":"chunked"}
[debug] [2021-08-03T05:25:54.283Z] > refreshing access token with scopes: []
[debug] [2021-08-03T05:25:54.283Z] >>> HTTP REQUEST POST https://www.googleapis.com/oauth2/v3/token  
 <request body omitted>
[debug] [2021-08-03T05:25:54.585Z] <<< HTTP RESPONSE 200 {"cache-control":"no-cache, no-store, max-age=0, must-revalidate","date":"Tue, 03 Aug 2021 05:25:55 GMT","pragma":"no-cache","expires":"Mon, 01 Jan 1990 00:00:00 GMT","content-type":"application/json; charset=utf-8","vary":"X-Origin, Referer, Origin,Accept-Encoding","server":"scaffolding on HTTPServer2","x-xss-protection":"0","x-frame-options":"SAMEORIGIN","x-content-type-options":"nosniff","alt-svc":"h3=\":443\"; ma=2592000,h3-29=\":443\"; ma=2592000,h3-T051=\":443\"; ma=2592000,h3-Q050=\":443\"; ma=2592000,h3-Q046=\":443\"; ma=2592000,h3-Q043=\":443\"; ma=2592000,quic=\":443\"; ma=2592000; v=\"46,43\"","accept-ranges":"none","transfer-encoding":"chunked"}
[debug] [2021-08-03T05:25:54.618Z] >>> [apiv2][query] GET https://firebase.googleapis.com/v1beta1/projects/webbasket [none]
[debug] [2021-08-03T05:25:55.078Z] <<< [apiv2][status] GET https://firebase.googleapis.com/v1beta1/projects/webbasket 200
[debug] [2021-08-03T05:25:55.079Z] <<< [apiv2][body] GET https://firebase.googleapis.com/v1beta1/projects/webbasket {"projectId":"webbasket","projectNumber":"388843032952","displayName":"webbasket","name":"projects/webbasket","resources":{"hostingSite":"webbasket"},"state":"ACTIVE"}
[info] 
[info] === Deploying to 'webbasket'...
[info] 
[info] i  deploying hosting 
[debug] [2021-08-03T05:25:55.090Z] > refreshing access token with scopes: ["email","https://www.googleapis.com/auth/cloud-platform","https://www.googleapis.com/auth/cloudplatformprojects.readonly","https://www.googleapis.com/auth/firebase","openid"]
[debug] [2021-08-03T05:25:55.091Z] >>> HTTP REQUEST POST https://www.googleapis.com/oauth2/v3/token  
 <request body omitted>
[debug] [2021-08-03T05:25:55.394Z] <<< HTTP RESPONSE 200 {"expires":"Mon, 01 Jan 1990 00:00:00 GMT","pragma":"no-cache","date":"Tue, 03 Aug 2021 05:25:56 GMT","cache-control":"no-cache, no-store, max-age=0, must-revalidate","content-type":"application/json; charset=utf-8","vary":"X-Origin, Referer, Origin,Accept-Encoding","server":"scaffolding on HTTPServer2","x-xss-protection":"0","x-frame-options":"SAMEORIGIN","x-content-type-options":"nosniff","alt-svc":"h3=\":443\"; ma=2592000,h3-29=\":443\"; ma=2592000,h3-T051=\":443\"; ma=2592000,h3-Q050=\":443\"; ma=2592000,h3-Q046=\":443\"; ma=2592000,h3-Q043=\":443\"; ma=2592000,quic=\":443\"; ma=2592000; v=\"46,43\"","accept-ranges":"none","transfer-encoding":"chunked"}
[debug] [2021-08-03T05:25:55.416Z] >>> HTTP REQUEST POST https://firebasehosting.googleapis.com/v1beta1/sites/webbasket/versions  
 {"config":{"rewrites":[{"glob":"**","path":"/index.html"}]},"labels":{"deployment-tool":"cli-firebase"}}
[debug] [2021-08-03T05:26:16.625Z] Error: connect ETIMEDOUT 216.58.200.138:443
    at TCPConnectWrap.afterConnect [as oncomplete] (net.js:1146:16)
[error] 
[error] Error: Server Error. connect ETIMEDOUT 216.58.200.138:443
[debug] [2021-08-03T05:26:25.848Z] ----------------------------------------------------------------------
[debug] [2021-08-03T05:26:25.852Z] Command:       C:\Program Files\nodejs\node.exe C:\Users\krish\AppData\Roaming\npm\node_modules\firebase-tools\lib\bin\firebase.js deploy
[debug] [2021-08-03T05:26:25.853Z] CLI Version:   9.16.0
[debug] [2021-08-03T05:26:25.853Z] Platform:      win32
[debug] [2021-08-03T05:26:25.853Z] Node Version:  v14.15.0
[debug] [2021-08-03T05:26:25.855Z] Time:          Tue Aug 03 2021 10:56:25 GMT+0530 (India Standard Time)
[debug] [2021-08-03T05:26:25.855Z] ----------------------------------------------------------------------
[debug] 
[debug] [2021-08-03T05:26:25.924Z] > command requires scopes: ["email","openid","https://www.googleapis.com/auth/cloudplatformprojects.readonly","https://www.googleapis.com/auth/firebase","https://www.googleapis.com/auth/cloud-platform"]
[debug] [2021-08-03T05:26:25.925Z] > authorizing via signed-in user (kaykrishna555@gmail.com)
[debug] [2021-08-03T05:26:25.925Z] [iam] checking project webbasket for permissions ["firebase.projects.get","firebasehosting.sites.update"]
[debug] [2021-08-03T05:26:25.928Z] >>> HTTP REQUEST POST https://cloudresourcemanager.googleapis.com/v1/projects/webbasket:testIamPermissions  
 {"permissions":["firebase.projects.get","firebasehosting.sites.update"]}
[debug] [2021-08-03T05:26:28.020Z] <<< HTTP RESPONSE 200 {"content-type":"application/json; charset=UTF-8","vary":"X-Origin, Referer, Origin,Accept-Encoding","date":"Tue, 03 Aug 2021 05:26:28 GMT","server":"ESF","cache-control":"private","x-xss-protection":"0","x-frame-options":"SAMEORIGIN","x-content-type-options":"nosniff","server-timing":"gfet4t7; dur=1379","alt-svc":"h3=\":443\"; ma=2592000,h3-29=\":443\"; ma=2592000,h3-T051=\":443\"; ma=2592000,h3-Q050=\":443\"; ma=2592000,h3-Q046=\":443\"; ma=2592000,h3-Q043=\":443\"; ma=2592000,quic=\":443\"; ma=2592000; v=\"46,43\"","accept-ranges":"none","transfer-encoding":"chunked"}
[debug] [2021-08-03T05:26:28.025Z] > refreshing access token with scopes: []
[debug] [2021-08-03T05:26:28.025Z] >>> HTTP REQUEST POST https://www.googleapis.com/oauth2/v3/token  
 <request body omitted>
[debug] [2021-08-03T05:26:28.421Z] <<< HTTP RESPONSE 200 {"cache-control":"no-cache, no-store, max-age=0, must-revalidate","date":"Tue, 03 Aug 2021 05:26:29 GMT","expires":"Mon, 01 Jan 1990 00:00:00 GMT","pragma":"no-cache","content-type":"application/json; charset=utf-8","vary":"X-Origin, Referer, Origin,Accept-Encoding","server":"scaffolding on HTTPServer2","x-xss-protection":"0","x-frame-options":"SAMEORIGIN","x-content-type-options":"nosniff","alt-svc":"h3=\":443\"; ma=2592000,h3-29=\":443\"; ma=2592000,h3-T051=\":443\"; ma=2592000,h3-Q050=\":443\"; ma=2592000,h3-Q046=\":443\"; ma=2592000,h3-Q043=\":443\"; ma=2592000,quic=\":443\"; ma=2592000; v=\"46,43\"","accept-ranges":"none","transfer-encoding":"chunked"}
[debug] [2021-08-03T05:26:28.455Z] >>> [apiv2][query] GET https://firebase.googleapis.com/v1beta1/projects/webbasket [none]
[debug] [2021-08-03T05:26:29.455Z] <<< [apiv2][status] GET https://firebase.googleapis.com/v1beta1/projects/webbasket 200
[debug] [2021-08-03T05:26:29.455Z] <<< [apiv2][body] GET https://firebase.googleapis.com/v1beta1/projects/webbasket {"projectId":"webbasket","projectNumber":"388843032952","displayName":"webbasket","name":"projects/webbasket","resources":{"hostingSite":"webbasket"},"state":"ACTIVE"}
[info] 
[info] === Deploying to 'webbasket'...
[info] 
[info] i  deploying hosting 
[debug] [2021-08-03T05:26:29.466Z] > refreshing access token with scopes: ["email","https://www.googleapis.com/auth/cloud-platform","https://www.googleapis.com/auth/cloudplatformprojects.readonly","https://www.googleapis.com/auth/firebase","openid"]
[debug] [2021-08-03T05:26:29.466Z] >>> HTTP REQUEST POST https://www.googleapis.com/oauth2/v3/token  
 <request body omitted>
[debug] [2021-08-03T05:26:29.918Z] <<< HTTP RESPONSE 200 {"date":"Tue, 03 Aug 2021 05:26:30 GMT","cache-control":"no-cache, no-store, max-age=0, must-revalidate","expires":"Mon, 01 Jan 1990 00:00:00 GMT","pragma":"no-cache","content-type":"application/json; charset=utf-8","vary":"X-Origin, Referer, Origin,Accept-Encoding","server":"scaffolding on HTTPServer2","x-xss-protection":"0","x-frame-options":"SAMEORIGIN","x-content-type-options":"nosniff","alt-svc":"h3=\":443\"; ma=2592000,h3-29=\":443\"; ma=2592000,h3-T051=\":443\"; ma=2592000,h3-Q050=\":443\"; ma=2592000,h3-Q046=\":443\"; ma=2592000,h3-Q043=\":443\"; ma=2592000,quic=\":443\"; ma=2592000; v=\"46,43\"","accept-ranges":"none","transfer-encoding":"chunked"}
[debug] [2021-08-03T05:26:29.992Z] >>> HTTP REQUEST POST https://firebasehosting.googleapis.com/v1beta1/sites/webbasket/versions  
 {"config":{"rewrites":[{"glob":"**","path":"/index.html"}]},"labels":{"deployment-tool":"cli-firebase"}}
[debug] [2021-08-03T05:26:51.045Z] Error: connect ETIMEDOUT 216.58.200.138:443
    at TCPConnectWrap.afterConnect [as oncomplete] (net.js:1146:16)
[error] 
[error] Error: Server Error. connect ETIMEDOUT 216.58.200.138:443
[debug] [2021-08-03T05:27:08.574Z] ----------------------------------------------------------------------
[debug] [2021-08-03T05:27:08.576Z] Command:       C:\Program Files\nodejs\node.exe C:\Users\krish\AppData\Roaming\npm\node_modules\firebase-tools\lib\bin\firebase.js deploy
[debug] [2021-08-03T05:27:08.577Z] CLI Version:   9.16.0
[debug] [2021-08-03T05:27:08.577Z] Platform:      win32
[debug] [2021-08-03T05:27:08.577Z] Node Version:  v14.15.0
[debug] [2021-08-03T05:27:08.578Z] Time:          Tue Aug 03 2021 10:57:08 GMT+0530 (India Standard Time)
[debug] [2021-08-03T05:27:08.579Z] ----------------------------------------------------------------------
[debug] 
[debug] [2021-08-03T05:27:08.648Z] > command requires scopes: ["email","openid","https://www.googleapis.com/auth/cloudplatformprojects.readonly","https://www.googleapis.com/auth/firebase","https://www.googleapis.com/auth/cloud-platform"]
[debug] [2021-08-03T05:27:08.649Z] > authorizing via signed-in user (kaykrishna555@gmail.com)
[debug] [2021-08-03T05:27:08.649Z] [iam] checking project webbasket for permissions ["firebase.projects.get","firebasehosting.sites.update"]
[debug] [2021-08-03T05:27:08.651Z] >>> HTTP REQUEST POST https://cloudresourcemanager.googleapis.com/v1/projects/webbasket:testIamPermissions  
 {"permissions":["firebase.projects.get","firebasehosting.sites.update"]}
[debug] [2021-08-03T05:27:10.928Z] <<< HTTP RESPONSE 200 {"content-type":"application/json; charset=UTF-8","vary":"X-Origin, Referer, Origin,Accept-Encoding","date":"Tue, 03 Aug 2021 05:27:11 GMT","server":"ESF","cache-control":"private","x-xss-protection":"0","x-frame-options":"SAMEORIGIN","x-content-type-options":"nosniff","server-timing":"gfet4t7; dur=1379","alt-svc":"h3=\":443\"; ma=2592000,h3-29=\":443\"; ma=2592000,h3-T051=\":443\"; ma=2592000,h3-Q050=\":443\"; ma=2592000,h3-Q046=\":443\"; ma=2592000,h3-Q043=\":443\"; ma=2592000,quic=\":443\"; ma=2592000; v=\"46,43\"","accept-ranges":"none","transfer-encoding":"chunked"}
[debug] [2021-08-03T05:27:10.934Z] > refreshing access token with scopes: []
[debug] [2021-08-03T05:27:10.934Z] >>> HTTP REQUEST POST https://www.googleapis.com/oauth2/v3/token  
 <request body omitted>
[debug] [2021-08-03T05:27:11.172Z] <<< HTTP RESPONSE 200 {"cache-control":"no-cache, no-store, max-age=0, must-revalidate","expires":"Mon, 01 Jan 1990 00:00:00 GMT","pragma":"no-cache","date":"Tue, 03 Aug 2021 05:27:12 GMT","content-type":"application/json; charset=utf-8","vary":"X-Origin, Referer, Origin,Accept-Encoding","server":"scaffolding on HTTPServer2","x-xss-protection":"0","x-frame-options":"SAMEORIGIN","x-content-type-options":"nosniff","alt-svc":"h3=\":443\"; ma=2592000,h3-29=\":443\"; ma=2592000,h3-T051=\":443\"; ma=2592000,h3-Q050=\":443\"; ma=2592000,h3-Q046=\":443\"; ma=2592000,h3-Q043=\":443\"; ma=2592000,quic=\":443\"; ma=2592000; v=\"46,43\"","accept-ranges":"none","transfer-encoding":"chunked"}
[debug] [2021-08-03T05:27:11.231Z] >>> [apiv2][query] GET https://firebase.googleapis.com/v1beta1/projects/webbasket [none]
[debug] [2021-08-03T05:27:12.467Z] <<< [apiv2][status] GET https://firebase.googleapis.com/v1beta1/projects/webbasket 200
[debug] [2021-08-03T05:27:12.467Z] <<< [apiv2][body] GET https://firebase.googleapis.com/v1beta1/projects/webbasket {"projectId":"webbasket","projectNumber":"388843032952","displayName":"webbasket","name":"projects/webbasket","resources":{"hostingSite":"webbasket"},"state":"ACTIVE"}
[info] 
[info] === Deploying to 'webbasket'...
[info] 
[info] i  deploying hosting 
[debug] [2021-08-03T05:27:12.477Z] > refreshing access token with scopes: ["email","https://www.googleapis.com/auth/cloud-platform","https://www.googleapis.com/auth/cloudplatformprojects.readonly","https://www.googleapis.com/auth/firebase","openid"]
[debug] [2021-08-03T05:27:12.478Z] >>> HTTP REQUEST POST https://www.googleapis.com/oauth2/v3/token  
 <request body omitted>
[debug] [2021-08-03T05:27:12.863Z] <<< HTTP RESPONSE 200 {"date":"Tue, 03 Aug 2021 05:27:13 GMT","cache-control":"no-cache, no-store, max-age=0, must-revalidate","pragma":"no-cache","expires":"Mon, 01 Jan 1990 00:00:00 GMT","content-type":"application/json; charset=utf-8","vary":"X-Origin, Referer, Origin,Accept-Encoding","server":"scaffolding on HTTPServer2","x-xss-protection":"0","x-frame-options":"SAMEORIGIN","x-content-type-options":"nosniff","alt-svc":"h3=\":443\"; ma=2592000,h3-29=\":443\"; ma=2592000,h3-T051=\":443\"; ma=2592000,h3-Q050=\":443\"; ma=2592000,h3-Q046=\":443\"; ma=2592000,h3-Q043=\":443\"; ma=2592000,quic=\":443\"; ma=2592000; v=\"46,43\"","accept-ranges":"none","transfer-encoding":"chunked"}
[debug] [2021-08-03T05:27:12.920Z] >>> HTTP REQUEST POST https://firebasehosting.googleapis.com/v1beta1/sites/webbasket/versions  
 {"config":{"rewrites":[{"glob":"**","path":"/index.html"}]},"labels":{"deployment-tool":"cli-firebase"}}
[debug] [2021-08-03T05:27:33.952Z] Error: connect ETIMEDOUT 216.58.200.138:443
    at TCPConnectWrap.afterConnect [as oncomplete] (net.js:1146:16)
[error] 
[error] Error: Server Error. connect ETIMEDOUT 216.58.200.138:443
